{
  "metadata": {
    "bounds_max": [
      91.28755,
      182.80814999999998,
      186.2194
    ],
    "bounds_min": [
      -80.5013,
      -115.05964999999999,
      71.8684
    ],
    "dataset_root": "/home/tonic/Projects/NSTC/sensor-agent-publish-subscribe",
    "grid_size": 8,
    "horizons_ms": [
      50,
      100,
      150,
      200
    ],
    "split_path": "/home/tonic/Projects/NSTC/sensor-agent-publish-subscribe/outputs/splits/dataset_split.json"
  },
  "results": {
    "100": {
      "6dof": {
        "test": {
          "latency_ms_mean": 0.12275715368667454,
          "latency_ms_p95": 0.10669045150279999,
          "peak_memory_mb": 1.2066841125488281,
          "roi_distance_error_mean": 46.79656213393073,
          "roi_distance_error_median": 42.94721249999999,
          "samples": 17591,
          "top_k_accuracy": {
            "1": 0.1441646296401569,
            "10": 0.5729065999658917,
            "3": 0.31243249388892047,
            "5": 0.3968506622704792
          }
        },
        "train": {
          "losses": [
            5.399020283386625,
            4.678130263912267,
            4.476658439654916,
            4.369679877657128,
            4.297943222765639,
            4.245379476618243,
            4.205998163985608,
            4.175314608505901
          ],
          "model_path": "/home/tonic/Projects/NSTC/sensor-agent-publish-subscribe/outputs/roi_heatmap_ablation/models/6dof_h100.npz",
          "samples": 81638
        }
      },
      "heatmap_6dof": {
        "test": {
          "latency_ms_mean": 0.15391791097416366,
          "latency_ms_p95": 0.12966995127499073,
          "peak_memory_mb": 42.731961250305176,
          "roi_distance_error_mean": 42.47499220001156,
          "roi_distance_error_median": 42.94721249999999,
          "samples": 15679,
          "top_k_accuracy": {
            "1": 0.13476624784743926,
            "10": 0.7258753747050195,
            "3": 0.41035780343134126,
            "5": 0.5245232476561005
          }
        },
        "train": {
          "losses": [
            4.596769684424257,
            3.9607963060001725,
            3.7460840211923103,
            3.625225062542065,
            3.5450047438163623,
            3.487994017229076,
            3.444543806522006,
            3.410433663037217
          ],
          "model_path": "/home/tonic/Projects/NSTC/sensor-agent-publish-subscribe/outputs/roi_heatmap_ablation/models/heatmap_6dof_h100.npz",
          "samples": 72497
        }
      }
    },
    "150": {
      "6dof": {
        "test": {
          "latency_ms_mean": 0.12666018005156127,
          "latency_ms_p95": 0.10780869051814079,
          "peak_memory_mb": 1.1983156204223633,
          "roi_distance_error_mean": 46.558099160834644,
          "roi_distance_error_median": 42.94721249999999,
          "samples": 17343,
          "top_k_accuracy": {
            "1": 0.14351611601222394,
            "10": 0.5731419016317822,
            "3": 0.3155740068038978,
            "5": 0.398431643890907
          }
        },
        "train": {
          "losses": [
            5.391212944385547,
            4.6674978135121075,
            4.464752032665835,
            4.358856910362911,
            4.28732891880651,
            4.235426954700003,
            4.19587931610253,
            4.16523413476201
          ],
          "model_path": "/home/tonic/Projects/NSTC/sensor-agent-publish-subscribe/outputs/roi_heatmap_ablation/models/6dof_h150.npz",
          "samples": 80489
        }
      },
      "heatmap_6dof": {
        "test": {
          "latency_ms_mean": 0.1482067183511788,
          "latency_ms_p95": 0.11855633929371832,
          "peak_memory_mb": 42.72723388671875,
          "roi_distance_error_mean": 42.72935425837675,
          "roi_distance_error_median": 42.94721249999999,
          "samples": 15659,
          "top_k_accuracy": {
            "1": 0.13289482086978735,
            "10": 0.7239287310811674,
            "3": 0.4132447793601124,
            "5": 0.5260233731400472
          }
        },
        "train": {
          "losses": [
            4.58154642044866,
            3.943622197949265,
            3.730563971803066,
            3.6099539849341125,
            3.529948574441482,
            3.472787591270023,
            3.429803796402136,
            3.396297168862009
          ],
          "model_path": "/home/tonic/Projects/NSTC/sensor-agent-publish-subscribe/outputs/roi_heatmap_ablation/models/heatmap_6dof_h150.npz",
          "samples": 72423
        }
      }
    },
    "200": {
      "6dof": {
        "test": {
          "latency_ms_mean": 0.12775142060807929,
          "latency_ms_p95": 0.11230427771806717,
          "peak_memory_mb": 1.1673898696899414,
          "roi_distance_error_mean": 46.59914043420585,
          "roi_distance_error_median": 42.94721249999999,
          "samples": 17219,
          "top_k_accuracy": {
            "1": 0.14234276090365294,
            "10": 0.5771531447819269,
            "3": 0.3155235495673384,
            "5": 0.40821185899297285
          }
        },
        "train": {
          "losses": [
            5.384133928579937,
            4.6600901716895065,
            4.457695406756466,
            4.352158397173672,
            4.280782470233541,
            4.230428879789775,
            4.190596598448803,
            4.158521467919727
          ],
          "model_path": "/home/tonic/Projects/NSTC/sensor-agent-publish-subscribe/outputs/roi_heatmap_ablation/models/6dof_h200.npz",
          "samples": 79913
        }
      },
      "heatmap_6dof": {
        "test": {
          "latency_ms_mean": 0.14770979800758077,
          "latency_ms_p95": 0.12145685032010067,
          "peak_memory_mb": 42.74978446960449,
          "roi_distance_error_mean": 42.95804420954356,
          "roi_distance_error_median": 42.94721249999999,
          "samples": 15649,
          "top_k_accuracy": {
            "1": 0.13425778004984343,
            "10": 0.729567384497412,
            "3": 0.420090740622404,
            "5": 0.5326857946194645
          }
        },
        "train": {
          "losses": [
            4.568465941292711,
            3.9323240547398166,
            3.7205242506843783,
            3.5998553687660517,
            3.520277181594195,
            3.4626097617927583,
            3.4193491742752045,
            3.385041210997863
          ],
          "model_path": "/home/tonic/Projects/NSTC/sensor-agent-publish-subscribe/outputs/roi_heatmap_ablation/models/heatmap_6dof_h200.npz",
          "samples": 72386
        }
      }
    },
    "50": {
      "6dof": {
        "test": {
          "latency_ms_mean": 0.1242910662149175,
          "latency_ms_p95": 0.1084174495190382,
          "peak_memory_mb": 1.246861457824707,
          "roi_distance_error_mean": 46.914178149769114,
          "roi_distance_error_median": 42.94721249999999,
          "samples": 17715,
          "top_k_accuracy": {
            "1": 0.14355066327970648,
            "10": 0.5700818515382444,
            "3": 0.31109229466553767,
            "5": 0.39333897826700537
          }
        },
        "train": {
          "losses": [
            5.408254504296567,
            4.688733837391152,
            4.485786431216081,
            4.378251938968317,
            4.304496843898343,
            4.252552475817937,
            4.21216989045941,
            4.182480299704734
          ],
          "model_path": "/home/tonic/Projects/NSTC/sensor-agent-publish-subscribe/outputs/roi_heatmap_ablation/models/6dof_h50.npz",
          "samples": 82213
        }
      },
      "heatmap_6dof": {
        "test": {
          "latency_ms_mean": 0.14427355155804703,
          "latency_ms_p95": 0.12263783719390628,
          "peak_memory_mb": 42.751593589782715,
          "roi_distance_error_mean": 43.12804063973567,
          "roi_distance_error_median": 42.94721249999999,
          "samples": 15688,
          "top_k_accuracy": {
            "1": 0.12920703722590515,
            "10": 0.7232279449260581,
            "3": 0.4069352371239164,
            "5": 0.5228199898011219
          }
        },
        "train": {
          "losses": [
            4.60914113246417,
            3.9773022755586283,
            3.7612139367066466,
            3.63915498867447,
            3.558441090389324,
            3.5005328390990407,
            3.456853564086204,
            3.4220508995812513
          ],
          "model_path": "/home/tonic/Projects/NSTC/sensor-agent-publish-subscribe/outputs/roi_heatmap_ablation/models/heatmap_6dof_h50.npz",
          "samples": 72534
        }
      }
    }
  }
}
